  BinaryInsertionSort.cpp
  BubbleSort.cpp
  CountingSort.cpp
  DataGenerator.cpp
  FlashSort.cpp
G:\CongHau\HCMUS\2nd Year\1st Semester\Cau truc du lieu & Giai thuat\Lab\Week 03\Sorting-Algorithms\18127259\SortingAlgorithms\FlashSort.cpp(10,31): warning C4244: 'initializing': conversion from 'double' to 'int', possible loss of data
G:\CongHau\HCMUS\2nd Year\1st Semester\Cau truc du lieu & Giai thuat\Lab\Week 03\Sorting-Algorithms\18127259\SortingAlgorithms\FlashSort.cpp(10,25): warning C4244: 'initializing': conversion from 'double' to 'const int', possible loss of data
  HeapSort.cpp
  InsertionSort.cpp
  Main.cpp
  MergeSort.cpp
  QuickSort.cpp
  RadixSort.cpp
  SelectionSort.cpp
  ShakerSort.cpp
  ShellSort.cpp
  Support.cpp
G:\CongHau\HCMUS\2nd Year\1st Semester\Cau truc du lieu & Giai thuat\Lab\Week 03\Sorting-Algorithms\18127259\SortingAlgorithms\FlashSort.cpp(47,54): warning C4244: 'return': conversion from 'double' to 'int', possible loss of data
G:\CongHau\HCMUS\2nd Year\1st Semester\Cau truc du lieu & Giai thuat\Lab\Week 03\Sorting-Algorithms\18127259\SortingAlgorithms\Support.cpp(36,21): warning C4018: '<': signed/unsigned mismatch
G:\CongHau\HCMUS\2nd Year\1st Semester\Cau truc du lieu & Giai thuat\Lab\Week 03\Sorting-Algorithms\18127259\SortingAlgorithms\Support.cpp(41,22): warning C4018: '<': signed/unsigned mismatch
G:\CongHau\HCMUS\2nd Year\1st Semester\Cau truc du lieu & Giai thuat\Lab\Week 03\Sorting-Algorithms\18127259\SortingAlgorithms\Support.cpp(49,23): warning C4018: '<': signed/unsigned mismatch
G:\CongHau\HCMUS\2nd Year\1st Semester\Cau truc du lieu & Giai thuat\Lab\Week 03\Sorting-Algorithms\18127259\SortingAlgorithms\Support.cpp(110,20): warning C4018: '<': signed/unsigned mismatch
G:\CongHau\HCMUS\2nd Year\1st Semester\Cau truc du lieu & Giai thuat\Lab\Week 03\Sorting-Algorithms\18127259\SortingAlgorithms\Support.cpp(115,21): warning C4018: '<': signed/unsigned mismatch
G:\CongHau\HCMUS\2nd Year\1st Semester\Cau truc du lieu & Giai thuat\Lab\Week 03\Sorting-Algorithms\18127259\SortingAlgorithms\Support.cpp(120,21): warning C4018: '<': signed/unsigned mismatch
G:\CongHau\HCMUS\2nd Year\1st Semester\Cau truc du lieu & Giai thuat\Lab\Week 03\Sorting-Algorithms\18127259\SortingAlgorithms\Support.cpp(128,22): warning C4018: '<': signed/unsigned mismatch
G:\CongHau\HCMUS\2nd Year\1st Semester\Cau truc du lieu & Giai thuat\Lab\Week 03\Sorting-Algorithms\18127259\SortingAlgorithms\Support.cpp(162,20): warning C4018: '<': signed/unsigned mismatch
  Generating code
  296 of 305 functions (97.0%) were compiled, the rest were copied from previous compilation.
    0 functions were new in current compilation
    2 functions had inline decision re-evaluated but remain unchanged
  Finished generating code
  SortingAlgorithms.vcxproj -> G:\CongHau\HCMUS\2nd Year\1st Semester\Cau truc du lieu & Giai thuat\Lab\Week 03\Sorting-Algorithms\18127259\Release\SortingAlgorithms.exe
